<?xml version="1.0" encoding="UTF-8"?>
<testng-results ignored="0" total="1" passed="1" failed="0" skipped="0">
  <reporter-output>
  </reporter-output>
  <suite started-at="2023-01-12T17:05:57 IST" name="Default suite" finished-at="2023-01-12T17:06:09 IST" duration-ms="12528">
    <groups>
    </groups>
    <test started-at="2023-01-12T17:05:57 IST" name="Default test" finished-at="2023-01-12T17:06:09 IST" duration-ms="12528">
      <class name="com.mycompany.app.SeleniumTest">
        <test-method is-config="true" signature="setup()[pri:0, instance:com.mycompany.app.SeleniumTest@1de5f259]" started-at="2023-01-12T17:05:57 IST" name="setup" finished-at="2023-01-12T17:06:09 IST" duration-ms="12163" status="PASS">
          <reporter-output>
          </reporter-output>
        </test-method> <!-- setup -->
        <test-method signature="f()[pri:0, instance:com.mycompany.app.SeleniumTest@1de5f259]" started-at="2023-01-12T17:06:09 IST" name="f" finished-at="2023-01-12T17:06:09 IST" duration-ms="6" status="PASS">
          <reporter-output>
          </reporter-output>
        </test-method> <!-- f -->
        <test-method is-config="true" signature="afterTest()[pri:0, instance:com.mycompany.app.SeleniumTest@1de5f259]" started-at="2023-01-12T17:06:09 IST" name="afterTest" finished-at="2023-01-12T17:06:09 IST" duration-ms="321" status="PASS">
          <reporter-output>
          </reporter-output>
        </test-method> <!-- afterTest -->
      </class> <!-- com.mycompany.app.SeleniumTest -->
    </test> <!-- Default test -->
  </suite> <!-- Default suite -->
</testng-results>
